#
# There is insufficient memory for the Java Runtime Environment to continue.
# Native memory allocation (malloc) failed to allocate 311856 bytes for Chunk::new
# Possible reasons:
#   The system is out of physical RAM or swap space
#   The process is running with CompressedOops enabled, and the Java Heap may be blocking the growth of the native heap
# Possible solutions:
#   Reduce memory load on the system
#   Increase physical memory or swap space
#   Check if swap backing store is full
#   Decrease Java heap size (-Xmx/-Xms)
#   Decrease number of Java threads
#   Decrease Java thread stack sizes (-Xss)
#   Set larger code cache with -XX:ReservedCodeCacheSize=
#   JVM is running with Unscaled Compressed Oops mode in which the Java heap is
#     placed in the first 4GB address space. The Java Heap base address is the
#     maximum limit for the native heap growth. Please use -XX:HeapBaseMinAddress
#     to set the Java Heap base and to place the Java Heap above 4GB virtual address.
# This output file may be truncated or incomplete.
#
#  Out of Memory Error (./src/hotspot/share/memory/arena.cpp:197), pid=10664, tid=14072
#
# JRE version: OpenJDK Runtime Environment 18.9 (11.0.15+10) (build 11.0.15+10)
# Java VM: OpenJDK 64-Bit Server VM 18.9 (11.0.15+10, mixed mode, tiered, compressed oops, g1 gc, windows-amd64)
# No core dump will be written. Minidumps are not enabled by default on client versions of Windows
#

---------------  S U M M A R Y ------------

Command Line: -Xmx64m -Xms64m -Dorg.gradle.appname=gradlew org.gradle.wrapper.GradleWrapperMain app:installDebug -PreactNativeDevServerPort=8081

Host: Intel(R) Core(TM) i5-8365U CPU @ 1.60GHz, 8 cores, 7G,  Windows 11 , 64 bit Build 22000 (10.0.22000.708)
Time: Tue Jul 19 12:19:12 2022 SE Asia Standard Time elapsed time: 0.460178 seconds (0d 0h 0m 0s)

---------------  T H R E A D  ---------------

Current thread (0x000001a3f9b29800):  JavaThread "C2 CompilerThread1" daemon [_thread_in_native, id=14072, stack(0x0000007204300000,0x0000007204400000)]


Current CompileTask:
C2:    460  462       4       java.util.HashMap::put (13 bytes)

Stack: [0x0000007204300000,0x0000007204400000]
Native frames: (J=compiled Java code, j=interpreted, Vv=VM code, C=native code)
V  [jvm.dll+0x64dd3a]
V  [jvm.dll+0x7906c9]
V  [jvm.dll+0x791d9c]
V  [jvm.dll+0x792463]
V  [jvm.dll+0x265048]
V  [jvm.dll+0xc9da1]
V  [jvm.dll+0xca35c]
V  [jvm.dll+0x37c122]
V  [jvm.dll+0x347153]
V  [jvm.dll+0x34647a]
V  [jvm.dll+0x21e085]
V  [jvm.dll+0x21d25a]
V  [jvm.dll+0x19dd21]
V  [jvm.dll+0x22cc80]
V  [jvm.dll+0x22af81]
V  [jvm.dll+0x75254c]
V  [jvm.dll+0x74b12d]
V  [jvm.dll+0x64c8a6]
C  [ucrtbase.dll+0x26c0c]
C  [KERNEL32.DLL+0x154e0]
C  [ntdll.dll+0x485b]


---------------  P R O C E S S  ---------------

Threads class SMR info:
_java_thread_list=0x000001a3f99fdda0, length=11, elements={
0x000001a3ed73f800, 0x000001a3f95da800, 0x000001a3f95e3800, 0x000001a3f9639800,
0x000001a3f963d800, 0x000001a3f963e800, 0x000001a3f963f800, 0x000001a3f9651000,
0x000001a3f9653800, 0x000001a3f9904000, 0x000001a3f9b29800
}

Java Threads: ( => current thread )
  0x000001a3ed73f800 JavaThread "main" [_thread_in_Java, id=17728, stack(0x0000007203200000,0x0000007203300000)]
  0x000001a3f95da800 JavaThread "Reference Handler" daemon [_thread_blocked, id=12896, stack(0x0000007203900000,0x0000007203a00000)]
  0x000001a3f95e3800 JavaThread "Finalizer" daemon [_thread_blocked, id=16472, stack(0x0000007203a00000,0x0000007203b00000)]
  0x000001a3f9639800 JavaThread "Signal Dispatcher" daemon [_thread_blocked, id=15768, stack(0x0000007203b00000,0x0000007203c00000)]
  0x000001a3f963d800 JavaThread "Attach Listener" daemon [_thread_blocked, id=21356, stack(0x0000007203c00000,0x0000007203d00000)]
  0x000001a3f963e800 JavaThread "Service Thread" daemon [_thread_blocked, id=15728, stack(0x0000007203d00000,0x0000007203e00000)]
  0x000001a3f963f800 JavaThread "C2 CompilerThread0" daemon [_thread_in_native, id=5316, stack(0x0000007203e00000,0x0000007203f00000)]
  0x000001a3f9651000 JavaThread "C1 CompilerThread0" daemon [_thread_blocked, id=5612, stack(0x0000007203f00000,0x0000007204000000)]
  0x000001a3f9653800 JavaThread "Sweeper thread" daemon [_thread_blocked, id=8188, stack(0x0000007204000000,0x0000007204100000)]
  0x000001a3f9904000 JavaThread "Common-Cleaner" daemon [_thread_blocked, id=15072, stack(0x0000007204200000,0x0000007204300000)]
=>0x000001a3f9b29800 JavaThread "C2 CompilerThread1" daemon [_thread_in_native, id=14072, stack(0x0000007204300000,0x0000007204400000)]

Other Threads:
  0x000001a3f95b2800 VMThread "VM Thread" [stack: 0x0000007203800000,0x0000007203900000] [id=11792]
  0x000001a3f98fc000 WatcherThread [stack: 0x0000007204100000,0x0000007204200000] [id=22516]
  0x000001a3ed758000 GCTaskThread "GC Thread#0" [stack: 0x0000007203300000,0x0000007203400000] [id=3604]
  0x000001a3ed761800 ConcurrentGCThread "G1 Main Marker" [stack: 0x0000007203400000,0x0000007203500000] [id=14388]
  0x000001a3ed763000 ConcurrentGCThread "G1 Conc#0" [stack: 0x0000007203500000,0x0000007203600000] [id=7036]
  0x000001a3ed7d0000 ConcurrentGCThread "G1 Refine#0" [stack: 0x0000007203600000,0x0000007203700000] [id=5312]
  0x000001a3ed7d2800 ConcurrentGCThread "G1 Young RemSet Sampling" [stack: 0x0000007203700000,0x0000007203800000] [id=10108]

Threads with active compile tasks:
C2 CompilerThread0      490  502       4       java.lang.String::equals (65 bytes)
C1 CompilerThread0      490  503       3       java.util.ArrayDeque::elementAt (4 bytes)
C2 CompilerThread1      490  462       4       java.util.HashMap::put (13 bytes)

VM state:not at safepoint (normal execution)

VM Mutex/Monitor currently owned by a thread: None

Heap address: 0x00000000fc000000, size: 64 MB, Compressed Oops mode: 32-bit
Narrow klass base: 0x0000000000000000, Narrow klass shift: 3
Compressed class space size: 1073741824 Address: 0x0000000100000000

Heap:
 garbage-first heap   total 65536K, used 12288K [0x00000000fc000000, 0x0000000100000000)
  region size 1024K, 11 young (11264K), 0 survivors (0K)
 Metaspace       used 7441K, capacity 7545K, committed 7680K, reserved 1056768K
  class space    used 642K, capacity 682K, committed 768K, reserved 1048576K
Heap Regions: E=young(eden), S=young(survivor), O=old, HS=humongous(starts), HC=humongous(continues), CS=collection set, F=free, A=archive, TAMS=top-at-mark-start (previous, next)
|   0|0x00000000fc000000, 0x00000000fc100000, 0x00000000fc100000|100%|HS|  |TAMS 0x00000000fc000000, 0x00000000fc000000| Complete 
|   1|0x00000000fc100000, 0x00000000fc200000, 0x00000000fc200000|100%|HC|  |TAMS 0x00000000fc100000, 0x00000000fc100000| Complete 
|   2|0x00000000fc200000, 0x00000000fc300000, 0x00000000fc300000|100%|HC|  |TAMS 0x00000000fc200000, 0x00000000fc200000| Complete 
|   3|0x00000000fc300000, 0x00000000fc300000, 0x00000000fc400000|  0%| F|  |TAMS 0x00000000fc300000, 0x00000000fc300000| Untracked 
|   4|0x00000000fc400000, 0x00000000fc400000, 0x00000000fc500000|  0%| F|  |TAMS 0x00000000fc400000, 0x00000000fc400000| Untracked 
|   5|0x00000000fc500000, 0x00000000fc500000, 0x00000000fc600000|  0%| F|  |TAMS 0x00000000fc500000, 0x00000000fc500000| Untracked 
|   6|0x00000000fc600000, 0x00000000fc600000, 0x00000000fc700000|  0%| F|  |TAMS 0x00000000fc600000, 0x00000000fc600000| Untracked 
|   7|0x00000000fc700000, 0x00000000fc700000, 0x00000000fc800000|  0%| F|  |TAMS 0x00000000fc700000, 0x00000000fc700000| Untracked 
|   8|0x00000000fc800000, 0x00000000fc800000, 0x00000000fc900000|  0%| F|  |TAMS 0x00000000fc800000, 0x00000000fc800000| Untracked 
|   9|0x00000000fc900000, 0x00000000fc900000, 0x00000000fca00000|  0%| F|  |TAMS 0x00000000fc900000, 0x00000000fc900000| Untracked 
|  10|0x00000000fca00000, 0x00000000fca00000, 0x00000000fcb00000|  0%| F|  |TAMS 0x00000000fca00000, 0x00000000fca00000| Untracked 
|  11|0x00000000fcb00000, 0x00000000fcb00000, 0x00000000fcc00000|  0%| F|  |TAMS 0x00000000fcb00000, 0x00000000fcb00000| Untracked 
|  12|0x00000000fcc00000, 0x00000000fcc00000, 0x00000000fcd00000|  0%| F|  |TAMS 0x00000000fcc00000, 0x00000000fcc00000| Untracked 
|  13|0x00000000fcd00000, 0x00000000fcd00000, 0x00000000fce00000|  0%| F|  |TAMS 0x00000000fcd00000, 0x00000000fcd00000| Untracked 
|  14|0x00000000fce00000, 0x00000000fce00000, 0x00000000fcf00000|  0%| F|  |TAMS 0x00000000fce00000, 0x00000000fce00000| Untracked 
|  15|0x00000000fcf00000, 0x00000000fcf00000, 0x00000000fd000000|  0%| F|  |TAMS 0x00000000fcf00000, 0x00000000fcf00000| Untracked 
|  16|0x00000000fd000000, 0x00000000fd000000, 0x00000000fd100000|  0%| F|  |TAMS 0x00000000fd000000, 0x00000000fd000000| Untracked 
|  17|0x00000000fd100000, 0x00000000fd100000, 0x00000000fd200000|  0%| F|  |TAMS 0x00000000fd100000, 0x00000000fd100000| Untracked 
|  18|0x00000000fd200000, 0x00000000fd200000, 0x00000000fd300000|  0%| F|  |TAMS 0x00000000fd200000, 0x00000000fd200000| Untracked 
|  19|0x00000000fd300000, 0x00000000fd300000, 0x00000000fd400000|  0%| F|  |TAMS 0x00000000fd300000, 0x00000000fd300000| Untracked 
|  20|0x00000000fd400000, 0x00000000fd400000, 0x00000000fd500000|  0%| F|  |TAMS 0x00000000fd400000, 0x00000000fd400000| Untracked 
|  21|0x00000000fd500000, 0x00000000fd500000, 0x00000000fd600000|  0%| F|  |TAMS 0x00000000fd500000, 0x00000000fd500000| Untracked 
|  22|0x00000000fd600000, 0x00000000fd600000, 0x00000000fd700000|  0%| F|  |TAMS 0x00000000fd600000, 0x00000000fd600000| Untracked 
|  23|0x00000000fd700000, 0x00000000fd700000, 0x00000000fd800000|  0%| F|  |TAMS 0x00000000fd700000, 0x00000000fd700000| Untracked 
|  24|0x00000000fd800000, 0x00000000fd800000, 0x00000000fd900000|  0%| F|  |TAMS 0x00000000fd800000, 0x00000000fd800000| Untracked 
|  25|0x00000000fd900000, 0x00000000fd900000, 0x00000000fda00000|  0%| F|  |TAMS 0x00000000fd900000, 0x00000000fd900000| Untracked 
|  26|0x00000000fda00000, 0x00000000fda00000, 0x00000000fdb00000|  0%| F|  |TAMS 0x00000000fda00000, 0x00000000fda00000| Untracked 
|  27|0x00000000fdb00000, 0x00000000fdb00000, 0x00000000fdc00000|  0%| F|  |TAMS 0x00000000fdb00000, 0x00000000fdb00000| Untracked 
|  28|0x00000000fdc00000, 0x00000000fdc00000, 0x00000000fdd00000|  0%| F|  |TAMS 0x00000000fdc00000, 0x00000000fdc00000| Untracked 
|  29|0x00000000fdd00000, 0x00000000fdd00000, 0x00000000fde00000|  0%| F|  |TAMS 0x00000000fdd00000, 0x00000000fdd00000| Untracked 
|  30|0x00000000fde00000, 0x00000000fde00000, 0x00000000fdf00000|  0%| F|  |TAMS 0x00000000fde00000, 0x00000000fde00000| Untracked 
|  31|0x00000000fdf00000, 0x00000000fdf00000, 0x00000000fe000000|  0%| F|  |TAMS 0x00000000fdf00000, 0x00000000fdf00000| Untracked 
|  32|0x00000000fe000000, 0x00000000fe000000, 0x00000000fe100000|  0%| F|  |TAMS 0x00000000fe000000, 0x00000000fe000000| Untracked 
|  33|0x00000000fe100000, 0x00000000fe100000, 0x00000000fe200000|  0%| F|  |TAMS 0x00000000fe100000, 0x00000000fe100000| Untracked 
|  34|0x00000000fe200000, 0x00000000fe200000, 0x00000000fe300000|  0%| F|  |TAMS 0x00000000fe200000, 0x00000000fe200000| Untracked 
|  35|0x00000000fe300000, 0x00000000fe300000, 0x00000000fe400000|  0%| F|  |TAMS 0x00000000fe300000, 0x00000000fe300000| Untracked 
|  36|0x00000000fe400000, 0x00000000fe400000, 0x00000000fe500000|  0%| F|  |TAMS 0x00000000fe400000, 0x00000000fe400000| Untracked 
|  37|0x00000000fe500000, 0x00000000fe500000, 0x00000000fe600000|  0%| F|  |TAMS 0x00000000fe500000, 0x00000000fe500000| Untracked 
|  38|0x00000000fe600000, 0x00000000fe600000, 0x00000000fe700000|  0%| F|  |TAMS 0x00000000fe600000, 0x00000000fe600000| Untracked 
|  39|0x00000000fe700000, 0x00000000fe700000, 0x00000000fe800000|  0%| F|  |TAMS 0x00000000fe700000, 0x00000000fe700000| Untracked 
|  40|0x00000000fe800000, 0x00000000fe800000, 0x00000000fe900000|  0%| F|  |TAMS 0x00000000fe800000, 0x00000000fe800000| Untracked 
|  41|0x00000000fe900000, 0x00000000fe900000, 0x00000000fea00000|  0%| F|  |TAMS 0x00000000fe900000, 0x00000000fe900000| Untracked 
|  42|0x00000000fea00000, 0x00000000fea00000, 0x00000000feb00000|  0%| F|  |TAMS 0x00000000fea00000, 0x00000000fea00000| Untracked 
|  43|0x00000000feb00000, 0x00000000feb00000, 0x00000000fec00000|  0%| F|  |TAMS 0x00000000feb00000, 0x00000000feb00000| Untracked 
|  44|0x00000000fec00000, 0x00000000fec00000, 0x00000000fed00000|  0%| F|  |TAMS 0x00000000fec00000, 0x00000000fec00000| Untracked 
|  45|0x00000000fed00000, 0x00000000fed00000, 0x00000000fee00000|  0%| F|  |TAMS 0x00000000fed00000, 0x00000000fed00000| Untracked 
|  46|0x00000000fee00000, 0x00000000fee00000, 0x00000000fef00000|  0%| F|  |TAMS 0x00000000fee00000, 0x00000000fee00000| Untracked 
|  47|0x00000000fef00000, 0x00000000fef00000, 0x00000000ff000000|  0%| F|  |TAMS 0x00000000fef00000, 0x00000000fef00000| Untracked 
|  48|0x00000000ff000000, 0x00000000ff000000, 0x00000000ff100000|  0%| F|  |TAMS 0x00000000ff000000, 0x00000000ff000000| Untracked 
|  49|0x00000000ff100000, 0x00000000ff100000, 0x00000000ff200000|  0%| F|  |TAMS 0x00000000ff100000, 0x00000000ff100000| Untracked 
|  50|0x00000000ff200000, 0x00000000ff200000, 0x00000000ff300000|  0%| F|  |TAMS 0x00000000ff200000, 0x00000000ff200000| Untracked 
|  51|0x00000000ff300000, 0x00000000ff300000, 0x00000000ff400000|  0%| F|  |TAMS 0x00000000ff300000, 0x00000000ff300000| Untracked 
|  52|0x00000000ff400000, 0x00000000ff400000, 0x00000000ff500000|  0%| F|  |TAMS 0x00000000ff400000, 0x00000000ff400000| Untracked 
|  53|0x00000000ff500000, 0x00000000ff5f64b8, 0x00000000ff600000| 96%| E|  |TAMS 0x00000000ff500000, 0x00000000ff500000| Complete 
|  54|0x00000000ff600000, 0x00000000ff700000, 0x00000000ff700000|100%| E|CS|TAMS 0x00000000ff600000, 0x00000000ff600000| Complete 
|  55|0x00000000ff700000, 0x00000000ff800000, 0x00000000ff800000|100%| E|  |TAMS 0x00000000ff700000, 0x00000000ff700000| Complete 
|  56|0x00000000ff800000, 0x00000000ff900000, 0x00000000ff900000|100%| E|CS|TAMS 0x00000000ff800000, 0x00000000ff800000| Complete 
|  57|0x00000000ff900000, 0x00000000ffa00000, 0x00000000ffa00000|100%| E|CS|TAMS 0x00000000ff900000, 0x00000000ff900000| Complete 
|  58|0x00000000ffa00000, 0x00000000ffb00000, 0x00000000ffb00000|100%| E|CS|TAMS 0x00000000ffa00000, 0x00000000ffa00000| Complete 
|  59|0x00000000ffb00000, 0x00000000ffc00000, 0x00000000ffc00000|100%| E|CS|TAMS 0x00000000ffb00000, 0x00000000ffb00000| Complete 
|  60|0x00000000ffc00000, 0x00000000ffd00000, 0x00000000ffd00000|100%| E|CS|TAMS 0x00000000ffc00000, 0x00000000ffc00000| Complete 
|  61|0x00000000ffd00000, 0x00000000ffe00000, 0x00000000ffe00000|100%| E|CS|TAMS 0x00000000ffd00000, 0x00000000ffd00000| Complete 
|  62|0x00000000ffe00000, 0x00000000fff00000, 0x00000000fff00000|100%| E|CS|TAMS 0x00000000ffe00000, 0x00000000ffe00000| Complete 
|  63|0x00000000fff00000, 0x0000000100000000, 0x0000000100000000|100%| E|CS|TAMS 0x00000000fff00000, 0x00000000fff00000| Complete 

Card table byte_map: [0x000001a3ed660000,0x000001a3ed680000] _byte_map_base: 0x000001a3ece80000

Marking Bits (Prev, Next): (CMBitMap*) 0x000001a3ed7607b8, (CMBitMap*) 0x000001a3ed7607f0
 Prev Bits: [0x000001a3f61d0000, 0x000001a3f62d0000)
 Next Bits: [0x000001a3f62d0000, 0x000001a3f63d0000)

Polling page: 0x000001a3eb720000

Metaspace:

Usage:
  Non-class:      6.70 MB capacity,     6.64 MB (>99%) used,    58.66 KB ( <1%) free+waste,     5.38 KB ( <1%) overhead. 
      Class:    682.00 KB capacity,   642.90 KB ( 94%) used,    36.66 KB (  5%) free+waste,     2.44 KB ( <1%) overhead. 
       Both:      7.37 MB capacity,     7.27 MB ( 99%) used,    95.32 KB (  1%) free+waste,     7.81 KB ( <1%) overhead. 

Virtual space:
  Non-class space:        8.00 MB reserved,       6.75 MB ( 84%) committed 
      Class space:        1.00 GB reserved,     768.00 KB ( <1%) committed 
             Both:        1.01 GB reserved,       7.50 MB ( <1%) committed 

Chunk freelists:
   Non-Class:  49.00 KB
       Class:  22.00 KB
        Both:  71.00 KB

MaxMetaspaceSize: 17179869184.00 GB
CompressedClassSpaceSize: 1.00 GB
Initial GC threshold: 20.80 MB
Current GC threshold: 20.80 MB
CDS: off

CodeHeap 'non-profiled nmethods': size=120000Kb used=163Kb max_used=163Kb free=119836Kb
 bounds [0x000001a387ad0000, 0x000001a387d40000, 0x000001a38f000000]
CodeHeap 'profiled nmethods': size=120000Kb used=827Kb max_used=827Kb free=119172Kb
 bounds [0x000001a3805a0000, 0x000001a380810000, 0x000001a387ad0000]
CodeHeap 'non-nmethods': size=5760Kb used=1112Kb max_used=1124Kb free=4647Kb
 bounds [0x000001a380000000, 0x000001a380270000, 0x000001a3805a0000]
 total_blobs=854 nmethods=501 adapters=265
 compilation: enabled
              stopped_count=0, restarted_count=0
 full_count=0

Compilation events (20 events):
Event: 0.451 Thread 0x000001a3f9651000  466       1       java.nio.Buffer::limit (5 bytes)
Event: 0.451 Thread 0x000001a3f9651000 nmethod 466 0x000001a387af4b10 code [0x000001a387af4cc0, 0x000001a387af4d78]
Event: 0.451 Thread 0x000001a3f9651000  468       3       java.nio.Buffer::nextGetIndex (30 bytes)
Event: 0.451 Thread 0x000001a3f9651000 nmethod 468 0x000001a380661110 code [0x000001a3806612e0, 0x000001a3806614a8]
Event: 0.451 Thread 0x000001a3f9651000  469       3       java.nio.DirectByteBuffer::ix (10 bytes)
Event: 0.451 Thread 0x000001a3f9651000 nmethod 469 0x000001a380661590 code [0x000001a380661740, 0x000001a380661858]
Event: 0.451 Thread 0x000001a3f9651000  474       3       jdk.internal.jimage.ImageStringsReader::unmaskedHashCode (173 bytes)
Event: 0.452 Thread 0x000001a3f9651000 nmethod 474 0x000001a380661910 code [0x000001a380661b80, 0x000001a380662738]
Event: 0.452 Thread 0x000001a3f9651000  470       3       jdk.internal.misc.Unsafe::getByte (7 bytes)
Event: 0.453 Thread 0x000001a3f9651000 nmethod 470 0x000001a380662c10 code [0x000001a380662dc0, 0x000001a380662ed8]
Event: 0.453 Thread 0x000001a3f9651000  472       3       jdk.internal.module.ModuleReferenceImpl::hashCode (56 bytes)
Event: 0.453 Thread 0x000001a3f9651000 nmethod 472 0x000001a380662f90 code [0x000001a380663180, 0x000001a3806635e8]
Event: 0.453 Thread 0x000001a3f9651000  473       1       java.nio.Buffer::position (5 bytes)
Event: 0.453 Thread 0x000001a3f9651000 nmethod 473 0x000001a387af4e10 code [0x000001a387af4fc0, 0x000001a387af5078]
Event: 0.454 Thread 0x000001a3f9651000  475       3       java.io.File::isDirectory (43 bytes)
Event: 0.454 Thread 0x000001a3f9651000 nmethod 475 0x000001a380663790 code [0x000001a380663980, 0x000001a380663d28]
Event: 0.454 Thread 0x000001a3f9651000  477       3       java.net.URI$Parser::scan (76 bytes)
Event: 0.455 Thread 0x000001a3f9651000 nmethod 477 0x000001a380663e90 code [0x000001a3806640e0, 0x000001a380664978]
Event: 0.455 Thread 0x000001a3f9651000  479       1       java.net.URL::getPath (5 bytes)
Event: 0.456 Thread 0x000001a3f9651000 nmethod 479 0x000001a387af5110 code [0x000001a387af52c0, 0x000001a387af5378]

GC Heap History (0 events):
No events

Deoptimization events (20 events):
Event: 0.427 Thread 0x000001a3ed73f800 DEOPT PACKING pc=0x000001a38065960b sp=0x00000072032fd6f0
Event: 0.427 Thread 0x000001a3ed73f800 DEOPT UNPACKING pc=0x000001a38004a95e sp=0x00000072032fcbc0 mode 0
Event: 0.428 Thread 0x000001a3ed73f800 DEOPT PACKING pc=0x000001a38065960b sp=0x00000072032fd6f0
Event: 0.428 Thread 0x000001a3ed73f800 DEOPT UNPACKING pc=0x000001a38004a95e sp=0x00000072032fcbc0 mode 0
Event: 0.428 Thread 0x000001a3ed73f800 DEOPT PACKING pc=0x000001a38065960b sp=0x00000072032fd6f0
Event: 0.428 Thread 0x000001a3ed73f800 DEOPT UNPACKING pc=0x000001a38004a95e sp=0x00000072032fcbc0 mode 0
Event: 0.428 Thread 0x000001a3ed73f800 DEOPT PACKING pc=0x000001a38065960b sp=0x00000072032fd6f0
Event: 0.428 Thread 0x000001a3ed73f800 DEOPT UNPACKING pc=0x000001a38004a95e sp=0x00000072032fcbc0 mode 0
Event: 0.428 Thread 0x000001a3ed73f800 DEOPT PACKING pc=0x000001a38065960b sp=0x00000072032fd6f0
Event: 0.428 Thread 0x000001a3ed73f800 DEOPT UNPACKING pc=0x000001a38004a95e sp=0x00000072032fcbc0 mode 0
Event: 0.428 Thread 0x000001a3ed73f800 DEOPT PACKING pc=0x000001a38065960b sp=0x00000072032fd6f0
Event: 0.428 Thread 0x000001a3ed73f800 DEOPT UNPACKING pc=0x000001a38004a95e sp=0x00000072032fcbc0 mode 0
Event: 0.428 Thread 0x000001a3ed73f800 DEOPT PACKING pc=0x000001a38065960b sp=0x00000072032fd6f0
Event: 0.428 Thread 0x000001a3ed73f800 DEOPT UNPACKING pc=0x000001a38004a95e sp=0x00000072032fcbc0 mode 0
Event: 0.428 Thread 0x000001a3ed73f800 DEOPT PACKING pc=0x000001a38065960b sp=0x00000072032fd6f0
Event: 0.428 Thread 0x000001a3ed73f800 DEOPT UNPACKING pc=0x000001a38004a95e sp=0x00000072032fcbc0 mode 0
Event: 0.429 Thread 0x000001a3ed73f800 DEOPT PACKING pc=0x000001a38065960b sp=0x00000072032fd6f0
Event: 0.429 Thread 0x000001a3ed73f800 DEOPT UNPACKING pc=0x000001a38004a95e sp=0x00000072032fcbc0 mode 0
Event: 0.429 Thread 0x000001a3ed73f800 DEOPT PACKING pc=0x000001a38065960b sp=0x00000072032fd6f0
Event: 0.429 Thread 0x000001a3ed73f800 DEOPT UNPACKING pc=0x000001a38004a95e sp=0x00000072032fcbc0 mode 0

Classes redefined (0 events):
No events

Internal exceptions (3 events):
Event: 0.196 Thread 0x000001a3ed73f800 Exception <a 'java/lang/NoSuchMethodError'{0x00000000ffc647a8}: 'int java.lang.invoke.DirectMethodHandle$Holder.invokeStaticInit(java.lang.Object, java.lang.Object)'> (0x00000000ffc647a8) thrown at [./src/hotspot/share/interpreter/linkResolver.cpp, line 773]
Event: 0.236 Thread 0x000001a3ed73f800 Exception <a 'java/lang/NoSuchMethodError'{0x00000000ffb2bb20}: 'int java.lang.invoke.DirectMethodHandle$Holder.invokeSpecial(java.lang.Object, java.lang.Object, java.lang.Object, java.lang.Object)'> (0x00000000ffb2bb20) thrown at [./src/hotspot/share/interpreter/linkResolver.cpp, line 773]
Event: 0.241 Thread 0x000001a3ed73f800 Exception <a 'java/lang/NoSuchMethodError'{0x00000000ffb623b0}: 'int java.lang.invoke.DirectMethodHandle$Holder.invokeSpecialIFC(java.lang.Object, java.lang.Object, int)'> (0x00000000ffb623b0) thrown at [./src/hotspot/share/interpreter/linkResolver.cpp, line 773]

Events (20 events):
Event: 0.448 loading class jdk/internal/jimage/ImageHeader
Event: 0.448 loading class jdk/internal/jimage/ImageHeader done
Event: 0.448 loading class java/nio/DirectIntBufferU
Event: 0.448 loading class java/nio/IntBuffer
Event: 0.448 loading class java/nio/IntBuffer done
Event: 0.448 loading class java/nio/DirectIntBufferU done
Event: 0.449 loading class java/nio/DirectByteBufferR
Event: 0.449 loading class java/nio/DirectByteBufferR done
Event: 0.449 loading class java/nio/DirectIntBufferRU
Event: 0.449 loading class java/nio/DirectIntBufferRU done
Event: 0.449 loading class jdk/internal/jimage/ImageStringsReader
Event: 0.449 loading class jdk/internal/jimage/ImageStrings
Event: 0.449 loading class jdk/internal/jimage/ImageStrings done
Event: 0.449 loading class jdk/internal/jimage/ImageStringsReader done
Event: 0.449 loading class jdk/internal/jimage/decompressor/Decompressor
Event: 0.449 loading class jdk/internal/jimage/decompressor/Decompressor done
Event: 0.450 loading class jdk/internal/jimage/ImageLocation
Event: 0.450 loading class jdk/internal/jimage/ImageLocation done
Event: 0.452 loading class org/gradle/internal/classloader/VisitableURLClassLoader$Spec
Event: 0.452 loading class org/gradle/internal/classloader/VisitableURLClassLoader$Spec done


Dynamic libraries:
0x00007ff60dc80000 - 0x00007ff60dc8d000 	C:\Program Files\OpenJDK\openjdk-11.0.15_10\bin\java.exe
0x00007ffc18440000 - 0x00007ffc18649000 	C:\WINDOWS\SYSTEM32\ntdll.dll
0x00007ffc16780000 - 0x00007ffc1683d000 	C:\WINDOWS\System32\KERNEL32.DLL
0x00007ffc15dc0000 - 0x00007ffc16139000 	C:\WINDOWS\System32\KERNELBASE.dll
0x00007ffc15ab0000 - 0x00007ffc15bc1000 	C:\WINDOWS\System32\ucrtbase.dll
0x00007ffbf4a00000 - 0x00007ffbf4a18000 	C:\Program Files\OpenJDK\openjdk-11.0.15_10\bin\jli.dll
0x00007ffbf5a00000 - 0x00007ffbf5a16000 	C:\Program Files\OpenJDK\openjdk-11.0.15_10\bin\VCRUNTIME140.dll
0x00007ffc17dc0000 - 0x00007ffc17f6c000 	C:\WINDOWS\System32\USER32.dll
0x00007ffc00b40000 - 0x00007ffc00de5000 	C:\WINDOWS\WinSxS\amd64_microsoft.windows.common-controls_6595b64144ccf1df_6.0.22000.120_none_9d947278b86cc467\COMCTL32.dll
0x00007ffc16200000 - 0x00007ffc16226000 	C:\WINDOWS\System32\win32u.dll
0x00007ffc17d10000 - 0x00007ffc17db3000 	C:\WINDOWS\System32\msvcrt.dll
0x00007ffc17c60000 - 0x00007ffc17c89000 	C:\WINDOWS\System32\GDI32.dll
0x00007ffc15990000 - 0x00007ffc15aa2000 	C:\WINDOWS\System32\gdi32full.dll
0x00007ffc16230000 - 0x00007ffc162cd000 	C:\WINDOWS\System32\msvcp_win.dll
0x00007ffc182d0000 - 0x00007ffc18301000 	C:\WINDOWS\System32\IMM32.DLL
0x00007ffbf3f00000 - 0x00007ffbf3faa000 	C:\Program Files\OpenJDK\openjdk-11.0.15_10\bin\msvcp140.dll
0x00007ffbb2b20000 - 0x00007ffbb3671000 	C:\Program Files\OpenJDK\openjdk-11.0.15_10\bin\server\jvm.dll
0x00007ffc16840000 - 0x00007ffc168ee000 	C:\WINDOWS\System32\ADVAPI32.dll
0x00007ffc180b0000 - 0x00007ffc1814e000 	C:\WINDOWS\System32\sechost.dll
0x00007ffc17f80000 - 0x00007ffc180a0000 	C:\WINDOWS\System32\RPCRT4.dll
0x00007ffc17660000 - 0x00007ffc17668000 	C:\WINDOWS\System32\PSAPI.DLL
0x00007ffc01910000 - 0x00007ffc01919000 	C:\WINDOWS\SYSTEM32\WSOCK32.dll
0x00007ffc162d0000 - 0x00007ffc1633f000 	C:\WINDOWS\System32\WS2_32.dll
0x00007ffc0d4a0000 - 0x00007ffc0d4d3000 	C:\WINDOWS\SYSTEM32\WINMM.dll
0x00007ffc133c0000 - 0x00007ffc133ca000 	C:\WINDOWS\SYSTEM32\VERSION.dll
0x00007ffc14a20000 - 0x00007ffc14a38000 	C:\WINDOWS\SYSTEM32\kernel.appcore.dll
0x00007ffbf49e0000 - 0x00007ffbf49f1000 	C:\Program Files\OpenJDK\openjdk-11.0.15_10\bin\verify.dll
0x00007ffc13130000 - 0x00007ffc13351000 	C:\WINDOWS\SYSTEM32\DBGHELP.DLL
0x00007ffc0b4d0000 - 0x00007ffc0b501000 	C:\WINDOWS\SYSTEM32\dbgcore.DLL
0x00007ffc15d40000 - 0x00007ffc15dbf000 	C:\WINDOWS\System32\bcryptPrimitives.dll
0x00007ffbf3ed0000 - 0x00007ffbf3ef9000 	C:\Program Files\OpenJDK\openjdk-11.0.15_10\bin\java.dll
0x00007ffc0c4e0000 - 0x00007ffc0c4ea000 	C:\Program Files\OpenJDK\openjdk-11.0.15_10\bin\jimage.dll
0x00007ffbf3eb0000 - 0x00007ffbf3ec8000 	C:\Program Files\OpenJDK\openjdk-11.0.15_10\bin\zip.dll
0x00007ffc16d00000 - 0x00007ffc174b8000 	C:\WINDOWS\System32\SHELL32.dll
0x00007ffc13a50000 - 0x00007ffc142b7000 	C:\WINDOWS\SYSTEM32\windows.storage.dll
0x00007ffc168f0000 - 0x00007ffc16c69000 	C:\WINDOWS\System32\combase.dll
0x00007ffc138e0000 - 0x00007ffc13a46000 	C:\WINDOWS\SYSTEM32\wintypes.dll
0x00007ffc164d0000 - 0x00007ffc165ba000 	C:\WINDOWS\System32\SHCORE.dll
0x00007ffc18170000 - 0x00007ffc181cd000 	C:\WINDOWS\System32\shlwapi.dll
0x00007ffc15850000 - 0x00007ffc15871000 	C:\WINDOWS\SYSTEM32\profapi.dll
0x00007ffbf3e90000 - 0x00007ffbf3ea9000 	C:\Program Files\OpenJDK\openjdk-11.0.15_10\bin\net.dll
0x00007ffc0e250000 - 0x00007ffc0e35c000 	C:\WINDOWS\SYSTEM32\WINHTTP.dll
0x00007ffc14e40000 - 0x00007ffc14ea7000 	C:\WINDOWS\system32\mswsock.dll
0x00007ffbf3e70000 - 0x00007ffbf3e83000 	C:\Program Files\OpenJDK\openjdk-11.0.15_10\bin\nio.dll

dbghelp: loaded successfully - version: 4.0.5 - missing functions: none
symbol engine: initialized successfully - sym options: 0x614 - pdb path: .;C:\Program Files\OpenJDK\openjdk-11.0.15_10\bin;C:\WINDOWS\SYSTEM32;C:\WINDOWS\WinSxS\amd64_microsoft.windows.common-controls_6595b64144ccf1df_6.0.22000.120_none_9d947278b86cc467;C:\Program Files\OpenJDK\openjdk-11.0.15_10\bin\server

VM Arguments:
jvm_args: -Xmx64m -Xms64m -Dorg.gradle.appname=gradlew 
java_command: org.gradle.wrapper.GradleWrapperMain app:installDebug -PreactNativeDevServerPort=8081
java_class_path (initial): D:\CuteNhuCode\food-delivery-app\Food_Delivery_App\android\\gradle\wrapper\gradle-wrapper.jar
Launcher Type: SUN_STANDARD

[Global flags]
     intx CICompilerCount                          = 4                                         {product} {ergonomic}
     uint ConcGCThreads                            = 2                                         {product} {ergonomic}
     uint G1ConcRefinementThreads                  = 8                                         {product} {ergonomic}
   size_t G1HeapRegionSize                         = 1048576                                   {product} {ergonomic}
    uintx GCDrainStackTargetSize                   = 64                                        {product} {ergonomic}
   size_t InitialHeapSize                          = 67108864                                  {product} {command line}
   size_t MarkStackSize                            = 4194304                                   {product} {ergonomic}
   size_t MaxHeapSize                              = 67108864                                  {product} {command line}
   size_t MaxNewSize                               = 39845888                                  {product} {ergonomic}
   size_t MinHeapDeltaBytes                        = 1048576                                   {product} {ergonomic}
    uintx NonNMethodCodeHeapSize                   = 5836300                                {pd product} {ergonomic}
    uintx NonProfiledCodeHeapSize                  = 122910970                              {pd product} {ergonomic}
    uintx ProfiledCodeHeapSize                     = 122910970                              {pd product} {ergonomic}
    uintx ReservedCodeCacheSize                    = 251658240                              {pd product} {ergonomic}
     bool SegmentedCodeCache                       = true                                      {product} {ergonomic}
     bool UseCompressedClassPointers               = true                                 {lp64_product} {ergonomic}
     bool UseCompressedOops                        = true                                 {lp64_product} {ergonomic}
     bool UseG1GC                                  = true                                      {product} {ergonomic}
     bool UseLargePagesIndividualAllocation        = false                                  {pd product} {ergonomic}

Logging:
Log output configuration:
 #0: stdout all=warning uptime,level,tags
 #1: stderr all=off uptime,level,tags

Environment Variables:
JAVA_HOME=C:\Program Files\OpenJDK\openjdk-11.0.15_10
CLASSPATH=D:\CuteNhuCode\food-delivery-app\Food_Delivery_App\android\\gradle\wrapper\gradle-wrapper.jar
PATH=D:\CuteNhuCode\food-delivery-app\Food_Delivery_App\android\node_modules\.bin;D:\CuteNhuCode\food-delivery-app\Food_Delivery_App\node_modules\.bin;D:\CuteNhuCode\food-delivery-app\node_modules\.bin;D:\CuteNhuCode\node_modules\.bin;D:\node_modules\.bin;D:\JS;C:\Users\Admin\AppData\Local\Temp\yarn--1658207945057-0.8973441413406595;D:\CuteNhuCode\food-delivery-app\Food_Delivery_App\node_modules\.bin;C:\Users\Admin\AppData\Local\Yarn\Data\link\node_modules\.bin;D:\libexec\lib\node_modules\npm\bin\node-gyp-bin;D:\lib\node_modules\npm\bin\node-gyp-bin;D:\JS\node_modules\npm\bin\node-gyp-bin;C:\Program Files (x86)\Common Files\Oracle\Java\javapath;C:\WINDOWS\system32;C:\WINDOWS;C:\WINDOWS\System32\Wbem;C:\WINDOWS\System32\WindowsPowerShell\v1.0\;C:\WINDOWS\System32\OpenSSH\;C:\MinGW\bin;C:\Program Files\dotnet\;D:\JS\;C:\ProgramData\chocolatey\bin;C:\Program Files\OpenJDK\openjdk-11.0.15_10\bin;C:\Program Files (x86)\Yarn\bin\;D:\SDK\platform-tools;D:\SDK\emulator;D:\Git\cmd;D:\Git\mingw64\bin;D:\Git\usr\bin;C:\Users\Admin\AppData\Local\Programs\Python\Python39\Scripts\;C:\Users\Admin\AppData\Local\Programs\Python\Python39\;C:\Users\Admin\AppData\Local\Microsoft\WindowsApps;C:\Users\Admin\AppData\Local\Programs\Microsoft VS Code\bin;C:\Users\Admin\AppData\Roaming\npm;C:\Users\Admin\AppData\Local\Yarn\bin;D:\SDK\platform-tools;D:\SDK\emulator;
USERNAME=Admin
LANG=en_US.UTF-8
OS=Windows_NT
PROCESSOR_IDENTIFIER=Intel64 Family 6 Model 142 Stepping 12, GenuineIntel



---------------  S Y S T E M  ---------------

OS: Windows 11 , 64 bit Build 22000 (10.0.22000.708)
OS uptime: 4 days 14:24 hours

CPU:total 8 (initial active 8) (4 cores per cpu, 2 threads per core) family 6 model 142 stepping 12 microcode 0xf0, cmov, cx8, fxsr, mmx, sse, sse2, sse3, ssse3, sse4.1, sse4.2, popcnt, avx, avx2, aes, clmul, erms, 3dnowpref, lzcnt, ht, tsc, tscinvbit, bmi1, bmi2, adx, fma

Memory: 4k page, system-wide physical 7970M (407M free)
TotalPageFile size 19383M (AvailPageFile size 4M)
current process WorkingSet (physical memory assigned to process): 52M, peak: 52M
current process commit charge ("private bytes"): 144M, peak: 145M

vm_info: OpenJDK 64-Bit Server VM (11.0.15+10) for windows-amd64 JRE (11.0.15+10), built on Apr 21 2022 21:29:46 by "tester" with MS VC++ 15.5 (VS2017)

END.
